Using pre-set license
Built from '2020.3/release' branch; Version is '2020.3.2f1 (8fd9074bf66c) revision 9427207'; Using compiler version '192528614'; Build Type 'Release'
OS: 'Windows 10 Pro; OS build 22000.795; Version 2009; 64bit' Language: 'ja' Physical Memory: 32702 MB
BatchMode: 1, IsHumanControllingUs: 0, StartBugReporterOnCrash: 0, Is64bit: 1, IsPro: 0

 COMMAND LINE ARGUMENTS:
C:\Program Files\Unity\Hub\Editor\2020.3.2f1\Editor\Unity.exe
-adb2
-batchMode
-noUpm
-name
AssetImportWorker0
-projectPath
C:/Users/KEIYA/Documents/GitHub/FireBallUnity/FireBallUnity
-logFile
Logs/AssetImportWorker0.log
-srvPort
54116
Successfully changed project path to: C:/Users/KEIYA/Documents/GitHub/FireBallUnity/FireBallUnity
C:/Users/KEIYA/Documents/GitHub/FireBallUnity/FireBallUnity
Using Asset Import Pipeline V2.
Refreshing native plugins compatible for Editor in 45.42 ms, found 1 plugins.
Preloading 0 native plugins for Editor in 0.00 ms.
Initialize engine version: 2020.3.2f1 (8fd9074bf66c)
[Subsystems] Discovering subsystems at path C:/Program Files/Unity/Hub/Editor/2020.3.2f1/Editor/Data/Resources/UnitySubsystems
[Subsystems] Discovering subsystems at path C:/Users/KEIYA/Documents/GitHub/FireBallUnity/FireBallUnity/Assets
GfxDevice: creating device client; threaded=0
Direct3D:
    Version:  Direct3D 11.0 [level 11.1]
    Renderer: NVIDIA GeForce GTX 1070 Ti (ID=0x1b82)
    Vendor:   
    VRAM:     8079 MB
    Driver:   27.21.14.5671
Initialize mono
Mono path[0] = 'C:/Program Files/Unity/Hub/Editor/2020.3.2f1/Editor/Data/Managed'
Mono path[1] = 'C:/Program Files/Unity/Hub/Editor/2020.3.2f1/Editor/Data/MonoBleedingEdge/lib/mono/unityjit'
Mono config path = 'C:/Program Files/Unity/Hub/Editor/2020.3.2f1/Editor/Data/MonoBleedingEdge/etc'
Using monoOptions --debugger-agent=transport=dt_socket,embedding=1,server=y,suspend=n,address=127.0.0.1:56316
Begin MonoManager ReloadAssembly
Registering precompiled unity dll's ...
Register platform support module: C:/Program Files/Unity/Hub/Editor/2020.3.2f1/Editor/Data/PlaybackEngines/WindowsStandaloneSupport/UnityEditor.WindowsStandalone.Extensions.dll
Registered in 0.001790 seconds.
Native extension for WindowsStandalone target not found
Refreshing native plugins compatible for Editor in 44.42 ms, found 1 plugins.
Preloading 0 native plugins for Editor in 0.00 ms.
Invoked RoslynAnalysisRunner static constructor.
RoslynAnalysisRunner will not be running.
RoslynAnalysisRunner has terminated.
Mono: successfully reloaded assembly
- Completed reload, in  1.858 seconds
Platform modules already initialized, skipping
Registering precompiled user dll's ...
Registered in 0.001610 seconds.
Begin MonoManager ReloadAssembly
Native extension for WindowsStandalone target not found
Refreshing native plugins compatible for Editor in 40.71 ms, found 1 plugins.
Preloading 0 native plugins for Editor in 0.00 ms.
Invoked RoslynAnalysisRunner static constructor.
RoslynAnalysisRunner will not be running.
RoslynAnalysisRunner has terminated.
Mono: successfully reloaded assembly
- Completed reload, in  1.007 seconds
Platform modules already initialized, skipping
========================================================================
Worker process is ready to serve import requests
Launched and connected shader compiler UnityShaderCompiler.exe after 0.07 seconds
Refreshing native plugins compatible for Editor in 0.45 ms, found 1 plugins.
Preloading 0 native plugins for Editor in 0.00 ms.
Unloading 1951 Unused Serialized files (Serialized files now loaded: 0)
System memory in use before: 107.4 MB.
System memory in use after: 107.5 MB.

Unloading 18 unused Assets to reduce memory usage. Loaded Objects now: 2421.
Total: 1.786300 ms (FindLiveObjects: 0.161000 ms CreateObjectMapping: 0.064700 ms MarkObjects: 1.517300 ms  DeleteObjects: 0.042300 ms)

========================================================================
Received Import Request.
  path: Assets/DataBase/EnnkyoriWeponDatas.asset
  artifactKey: Guid(4b719497a04d444a2afde31c5e668014) Importer(815301076,1909f56bfc062723c751e8b465ee728b)
Start importing Assets/DataBase/EnnkyoriWeponDatas.asset using Guid(4b719497a04d444a2afde31c5e668014) Importer(815301076,1909f56bfc062723c751e8b465ee728b)  -> (artifact id: '09babd26e35089daff64c353ed685541') in 0.487939 seconds
  Import took 0.493493 seconds .

========================================================================
Received Import Request.
  Time since last request: 0.000321 seconds.
  path: Assets/DataBase/KinnkyoriWeponDataList.asset
  artifactKey: Guid(69b101913c83c954ca44f635cc837004) Importer(815301076,1909f56bfc062723c751e8b465ee728b)
Start importing Assets/DataBase/KinnkyoriWeponDataList.asset using Guid(69b101913c83c954ca44f635cc837004) Importer(815301076,1909f56bfc062723c751e8b465ee728b)  -> (artifact id: '747f39ab66f94aa526992be8603feb23') in 0.394762 seconds
  Import took 0.401948 seconds .

========================================================================
Received Import Request.
  Time since last request: 0.000305 seconds.
  path: Assets/DataBase/YoroiDatas.asset
  artifactKey: Guid(6637887cfacf54e4e88f42d0b5f56664) Importer(815301076,1909f56bfc062723c751e8b465ee728b)
Start importing Assets/DataBase/YoroiDatas.asset using Guid(6637887cfacf54e4e88f42d0b5f56664) Importer(815301076,1909f56bfc062723c751e8b465ee728b)  -> (artifact id: '7a364af2c958bea89028589b0ecfd44c') in 0.351871 seconds
  Import took 0.357436 seconds .

========================================================================
Received Import Request.
  Time since last request: 0.000309 seconds.
  path: Assets/DataBase/SonotaDatas.asset
  artifactKey: Guid(eb9bf542edc5a114d8449e1314596082) Importer(815301076,1909f56bfc062723c751e8b465ee728b)
Start importing Assets/DataBase/SonotaDatas.asset using Guid(eb9bf542edc5a114d8449e1314596082) Importer(815301076,1909f56bfc062723c751e8b465ee728b)  -> (artifact id: '3409a6492db909e11c1e65b832d1c5de') in 0.341170 seconds
  Import took 0.345962 seconds .

========================================================================
Received Prepare
Registering precompiled user dll's ...
Registered in 0.001210 seconds.
Begin MonoManager ReloadAssembly
Native extension for WindowsStandalone target not found
Refreshing native plugins compatible for Editor in 0.36 ms, found 1 plugins.
Preloading 0 native plugins for Editor in 0.00 ms.
Invoked RoslynAnalysisRunner static constructor.
RoslynAnalysisRunner will not be running.
RoslynAnalysisRunner has terminated.
Mono: successfully reloaded assembly
- Completed reload, in  0.928 seconds
Platform modules already initialized, skipping
Switching build target platform(5) subTarget(0) extendedPlatform(0) -> platform(9) subTarget(16777218) extendedPlatform(0)
Refreshing native plugins compatible for Editor in 0.36 ms, found 1 plugins.
Preloading 0 native plugins for Editor in 0.00 ms.
Unloading 1931 Unused Serialized files (Serialized files now loaded: 0)
System memory in use before: 105.4 MB.
System memory in use after: 105.5 MB.

Unloading 10 unused Assets to reduce memory usage. Loaded Objects now: 2426.
Total: 1.980900 ms (FindLiveObjects: 0.205300 ms CreateObjectMapping: 0.067300 ms MarkObjects: 1.686100 ms  DeleteObjects: 0.021000 ms)

AssetImportParameters requested are different than current active one (requested -> active):
  custom:graphics/normal-map-encoding: 01000000000000000000000000000000 -> 02000000000000000000000000000000
========================================================================
Received Prepare
Registering precompiled user dll's ...
Registered in 0.001064 seconds.
Begin MonoManager ReloadAssembly
Native extension for WindowsStandalone target not found
Refreshing native plugins compatible for Editor in 0.37 ms, found 1 plugins.
Preloading 0 native plugins for Editor in 0.00 ms.
Invoked RoslynAnalysisRunner static constructor.
RoslynAnalysisRunner will not be running.
RoslynAnalysisRunner has terminated.
Mono: successfully reloaded assembly
- Completed reload, in  0.882 seconds
Platform modules already initialized, skipping
Switching build target platform(5) subTarget(0) extendedPlatform(0) -> platform(9) subTarget(16777218) extendedPlatform(0)
Refreshing native plugins compatible for Editor in 0.35 ms, found 1 plugins.
Preloading 0 native plugins for Editor in 0.00 ms.
Unloading 1931 Unused Serialized files (Serialized files now loaded: 0)
System memory in use before: 105.5 MB.
System memory in use after: 105.6 MB.

Unloading 7 unused Assets to reduce memory usage. Loaded Objects now: 2429.
Total: 2.649900 ms (FindLiveObjects: 0.260500 ms CreateObjectMapping: 0.126500 ms MarkObjects: 2.245500 ms  DeleteObjects: 0.014700 ms)

AssetImportParameters requested are different than current active one (requested -> active):
  custom:graphics/normal-map-encoding: 01000000000000000000000000000000 -> 02000000000000000000000000000000
========================================================================
Received Prepare
Registering precompiled user dll's ...
Registered in 0.001182 seconds.
Begin MonoManager ReloadAssembly
Native extension for WindowsStandalone target not found
Refreshing native plugins compatible for Editor in 0.76 ms, found 1 plugins.
Preloading 0 native plugins for Editor in 0.00 ms.
Invoked RoslynAnalysisRunner static constructor.
RoslynAnalysisRunner will not be running.
RoslynAnalysisRunner has terminated.
Mono: successfully reloaded assembly
- Completed reload, in  1.018 seconds
Platform modules already initialized, skipping
Switching build target platform(5) subTarget(0) extendedPlatform(0) -> platform(9) subTarget(16777218) extendedPlatform(0)
Refreshing native plugins compatible for Editor in 0.38 ms, found 1 plugins.
Preloading 0 native plugins for Editor in 0.00 ms.
Unloading 1931 Unused Serialized files (Serialized files now loaded: 0)
System memory in use before: 105.5 MB.
System memory in use after: 105.6 MB.

Unloading 7 unused Assets to reduce memory usage. Loaded Objects now: 2432.
Total: 1.894700 ms (FindLiveObjects: 0.194000 ms CreateObjectMapping: 0.078000 ms MarkObjects: 1.604700 ms  DeleteObjects: 0.016900 ms)

AssetImportParameters requested are different than current active one (requested -> active):
  custom:graphics/normal-map-encoding: 01000000000000000000000000000000 -> 02000000000000000000000000000000
========================================================================
Received Import Request.
  Time since last request: 326.779041 seconds.
  path: Assets/DataBase/KinnkyoriWeponDataList.asset
  artifactKey: Guid(69b101913c83c954ca44f635cc837004) Importer(815301076,1909f56bfc062723c751e8b465ee728b)
Start importing Assets/DataBase/KinnkyoriWeponDataList.asset using Guid(69b101913c83c954ca44f635cc837004) Importer(815301076,1909f56bfc062723c751e8b465ee728b)  -> (artifact id: '8a5700ce28f95ad9966aeb4443c9a24c') in 0.466670 seconds
  Import took 0.473393 seconds .

========================================================================
Received Prepare
Registering precompiled user dll's ...
Registered in 0.001112 seconds.
Begin MonoManager ReloadAssembly
Native extension for WindowsStandalone target not found
Refreshing native plugins compatible for Editor in 0.36 ms, found 1 plugins.
Preloading 0 native plugins for Editor in 0.00 ms.
Invoked RoslynAnalysisRunner static constructor.
RoslynAnalysisRunner will not be running.
RoslynAnalysisRunner has terminated.
Mono: successfully reloaded assembly
- Completed reload, in  0.920 seconds
Platform modules already initialized, skipping
Switching build target platform(5) subTarget(0) extendedPlatform(0) -> platform(9) subTarget(16777218) extendedPlatform(0)
Refreshing native plugins compatible for Editor in 0.36 ms, found 1 plugins.
Preloading 0 native plugins for Editor in 0.00 ms.
Unloading 1931 Unused Serialized files (Serialized files now loaded: 0)
System memory in use before: 105.5 MB.
System memory in use after: 105.6 MB.

Unloading 10 unused Assets to reduce memory usage. Loaded Objects now: 2435.
Total: 1.977100 ms (FindLiveObjects: 0.263900 ms CreateObjectMapping: 0.091500 ms MarkObjects: 1.599700 ms  DeleteObjects: 0.020800 ms)

AssetImportParameters requested are different than current active one (requested -> active):
  custom:graphics/normal-map-encoding: 01000000000000000000000000000000 -> 02000000000000000000000000000000
AssetImportWorkerClient::OnTransportError - code=2 error=End of file
